<?xml version="1.0" encoding="UTF-8"?>
<robot generator="Robot 3.1.1 (Python 3.7.3 on win32)" generated="20190520 18:02:45.584" rpa="false">
<suite id="s1" name="Request" source="c:\projects\some-prac\request.robot">
<test id="s1-t1" name="Default Timeout">
<kw name="Check Response" library="check_request">
<doc>:return:</doc>
<assign>
<var>${result_int}</var>
</assign>
<msg timestamp="20190520 18:02:46.352" level="INFO">${result_int} = 200</msg>
<status status="PASS" starttime="20190520 18:02:46.020" endtime="20190520 18:02:46.352"></status>
</kw>
<kw name="Set Variable" library="BuiltIn">
<doc>Returns the given values which can then be assigned to a variables.</doc>
<arguments>
<arg>${200}</arg>
</arguments>
<assign>
<var>${expected_int}</var>
</assign>
<msg timestamp="20190520 18:02:46.370" level="INFO">${expected_int} = 200</msg>
<status status="PASS" starttime="20190520 18:02:46.352" endtime="20190520 18:02:46.370"></status>
</kw>
<kw name="Should Be Equal" library="BuiltIn">
<doc>Fails if the given objects are unequal.</doc>
<arguments>
<arg>${result_int}</arg>
<arg>${expected_int}</arg>
<arg>msg=Not equal</arg>
</arguments>
<status status="PASS" starttime="20190520 18:02:46.373" endtime="20190520 18:02:46.378"></status>
</kw>
<doc>Timeout from the Setting table is used</doc>
<timeout value="2 minutes"></timeout>
<status status="PASS" starttime="20190520 18:02:46.018" endtime="20190520 18:02:46.380" critical="yes"></status>
</test>
<status status="PASS" starttime="20190520 18:02:45.587" endtime="20190520 18:02:46.386"></status>
</suite>
<statistics>
<total>
<stat pass="1" fail="0">Critical Tests</stat>
<stat pass="1" fail="0">All Tests</stat>
</total>
<tag>
</tag>
<suite>
<stat pass="1" fail="0" id="s1" name="Request">Request</stat>
</suite>
</statistics>
<errors>
</errors>
</robot>
